Using pre-set license
Built from '2020.2/staging' branch; Version is '2020.2.7f1 (c53830e277f1) revision 12924976'; Using compiler version '192528614'; Build Type 'Release'
OS: 'Windows 10 Home; OS build 19044.1586; Version 2009; 64bit' Language: 'en' Physical Memory: 8138 MB
BatchMode: 1, IsHumanControllingUs: 0, StartBugReporterOnCrash: 0, Is64bit: 1, IsPro: 0

 COMMAND LINE ARGUMENTS:
D:\Program Files\Unity\Hub\Editor\2020.2.7f1\Editor\Unity.exe
-adb2
-batchMode
-noUpm
-name
AssetImportWorker0
-projectPath
E:/GitHub/chain-reaction/chain-reaction
-logFile
Logs/AssetImportWorker0.log
-srvPort
59957
Successfully changed project path to: E:/GitHub/chain-reaction/chain-reaction
E:/GitHub/chain-reaction/chain-reaction
Using Asset Import Pipeline V2.
Refreshing native plugins compatible for Editor in 239.29 ms, found 0 plugins.
Preloading 0 native plugins for Editor in 0.00 ms.
Initialize engine version: 2020.2.7f1 (c53830e277f1)
[Subsystems] Discovering subsystems at path D:/Program Files/Unity/Hub/Editor/2020.2.7f1/Editor/Data/Resources/UnitySubsystems
[Subsystems] Discovering subsystems at path E:/GitHub/chain-reaction/chain-reaction/Assets
GfxDevice: creating device client; threaded=0
Direct3D:
    Version:  Direct3D 11.0 [level 11.1]
    Renderer: NVIDIA GeForce GTX 1050 Ti (ID=0x1c82)
    Vendor:   
    VRAM:     4018 MB
    Driver:   30.0.14.9729
Shader 'Universal Render Pipeline/Particles/Lit': fallback shader 'Universal Render Pipeline/Particles/SimpleLit' not found
Initialize mono
Mono path[0] = 'D:/Program Files/Unity/Hub/Editor/2020.2.7f1/Editor/Data/Managed'
Mono path[1] = 'D:/Program Files/Unity/Hub/Editor/2020.2.7f1/Editor/Data/MonoBleedingEdge/lib/mono/unityjit'
Mono config path = 'D:/Program Files/Unity/Hub/Editor/2020.2.7f1/Editor/Data/MonoBleedingEdge/etc'
Using monoOptions --debugger-agent=transport=dt_socket,embedding=1,server=y,suspend=n,address=127.0.0.1:56076
Begin MonoManager ReloadAssembly
Registering precompiled unity dll's ...
Register platform support module: D:/Program Files/Unity/Hub/Editor/2020.2.7f1/Editor/Data/PlaybackEngines/WindowsStandaloneSupport/UnityEditor.WindowsStandalone.Extensions.dll
Registered in 0.055599 seconds.
Native extension for WindowsStandalone target not found
Refreshing native plugins compatible for Editor in 54.38 ms, found 0 plugins.
Preloading 0 native plugins for Editor in 0.00 ms.
Invoked RoslynAnalysisRunner static constructor.
RoslynAnalysisRunner will not be running.
RoslynAnalysisRunner has terminated.
Mono: successfully reloaded assembly
- Completed reload, in 12.358 seconds
Platform modules already initialized, skipping
Registering precompiled user dll's ...
Registered in 0.035097 seconds.
Begin MonoManager ReloadAssembly
Native extension for WindowsStandalone target not found
Refreshing native plugins compatible for Editor in 47.63 ms, found 0 plugins.
Preloading 0 native plugins for Editor in 0.00 ms.
Invoked RoslynAnalysisRunner static constructor.
RoslynAnalysisRunner will not be running.
RoslynAnalysisRunner has terminated.
Mono: successfully reloaded assembly
- Completed reload, in  1.609 seconds
Platform modules already initialized, skipping
========================================================================
Worker process is ready to serve import requests
Shader 'Universal Render Pipeline/Particles/Lit': fallback shader 'Universal Render Pipeline/Particles/SimpleLit' not found
Launched and connected shader compiler UnityShaderCompiler.exe after 0.21 seconds
Refreshing native plugins compatible for Editor in 0.68 ms, found 0 plugins.
Preloading 0 native plugins for Editor in 0.00 ms.
Unloading 2513 Unused Serialized files (Serialized files now loaded: 0)
System memory in use before: 112.5 MB.
System memory in use after: 112.7 MB.

Unloading 12 unused Assets to reduce memory usage. Loaded Objects now: 2955.
Total: 3.188100 ms (FindLiveObjects: 0.778900 ms CreateObjectMapping: 0.367900 ms MarkObjects: 1.928400 ms  DeleteObjects: 0.111500 ms)

========================================================================
Received Import Request.
  path: Assets
  artifactKey: Guid(00000000000000001000000000000000) Importer(815301076,1909f56bfc062723c751e8b465ee728b)
Start importing Assets using Guid(00000000000000001000000000000000) Importer(815301076,1909f56bfc062723c751e8b465ee728b)  -> (artifact id: 'f89434ac489deb914593f829e0a47671') in 0.011371 seconds
  Import took 0.017339 seconds .

========================================================================
Received Import Request.
  Time since last request: 476.305781 seconds.
  path: Assets/Scenes 1
  artifactKey: Guid(7fc86b6087fa06942abb9dd7d0fa6b34) Importer(815301076,1909f56bfc062723c751e8b465ee728b)
Start importing Assets/Scenes 1 using Guid(7fc86b6087fa06942abb9dd7d0fa6b34) Importer(815301076,1909f56bfc062723c751e8b465ee728b)  -> (artifact id: '182931f2e126ebc2fdd1b1c92ec0baf1') in 0.014866 seconds
  Import took 0.020949 seconds .

========================================================================
Received Import Request.
  Time since last request: 0.004775 seconds.
  path: Assets/Scenes 1
  artifactKey: Guid(7fc86b6087fa06942abb9dd7d0fa6b34) Importer(815301076,1909f56bfc062723c751e8b465ee728b)
Start importing Assets/Scenes 1 using Guid(7fc86b6087fa06942abb9dd7d0fa6b34) Importer(815301076,1909f56bfc062723c751e8b465ee728b)  -> (artifact id: '182931f2e126ebc2fdd1b1c92ec0baf1') in 0.003065 seconds
  Import took 0.007713 seconds .

========================================================================
Received Import Request.
  Time since last request: 4.549838 seconds.
  path: Assets/Scenes
  artifactKey: Guid(9139a59e27a50164299a54dfca4480e2) Importer(815301076,1909f56bfc062723c751e8b465ee728b)
Start importing Assets/Scenes using Guid(9139a59e27a50164299a54dfca4480e2) Importer(815301076,1909f56bfc062723c751e8b465ee728b)  -> (artifact id: 'a67c4d7c5a7a1810d4152811ace6c808') in 0.012341 seconds
  Import took 0.017731 seconds .

========================================================================
Received Import Request.
  Time since last request: 10.702906 seconds.
  path: Assets/Scenes/TestScene_Dan.unity
  artifactKey: Guid(1a1fb1ee1c9c3bd4180d5e49efec6897) Importer(815301076,1909f56bfc062723c751e8b465ee728b)
Start importing Assets/Scenes/TestScene_Dan.unity using Guid(1a1fb1ee1c9c3bd4180d5e49efec6897) Importer(815301076,1909f56bfc062723c751e8b465ee728b)  -> (artifact id: '9c263b8eeae1a3fe5a083c526ca21127') in 0.043101 seconds
  Import took 0.053239 seconds .

========================================================================
Received Import Request.
  Time since last request: 15.313283 seconds.
  path: Assets/Scripts
  artifactKey: Guid(0e5fe8d287138444bae8a13b887dcbbb) Importer(815301076,1909f56bfc062723c751e8b465ee728b)
Start importing Assets/Scripts using Guid(0e5fe8d287138444bae8a13b887dcbbb) Importer(815301076,1909f56bfc062723c751e8b465ee728b)  -> (artifact id: '2f0fb6264262394a1b4ca8f5bafaab5e') in 0.013221 seconds
  Import took 0.023549 seconds .

========================================================================
Received Import Request.
  Time since last request: 458.952398 seconds.
  path: Assets/Scripts/gameManager.cs
  artifactKey: Guid(0634960fb0afca141b71ec1f7ffe32b9) Importer(815301076,1909f56bfc062723c751e8b465ee728b)
Start importing Assets/Scripts/gameManager.cs using Guid(0634960fb0afca141b71ec1f7ffe32b9) Importer(815301076,1909f56bfc062723c751e8b465ee728b)  -> (artifact id: 'dfa0120c23c696fea793a4c137734c54') in 0.097527 seconds
  Import took 0.105332 seconds .

========================================================================
Received Prepare
Registering precompiled user dll's ...
Registered in 0.001424 seconds.
Begin MonoManager ReloadAssembly
Native extension for WindowsStandalone target not found
Refreshing native plugins compatible for Editor in 0.55 ms, found 0 plugins.
Preloading 0 native plugins for Editor in 0.00 ms.
Invoked RoslynAnalysisRunner static constructor.
RoslynAnalysisRunner will not be running.
RoslynAnalysisRunner has terminated.
Mono: successfully reloaded assembly
- Completed reload, in  1.279 seconds
Platform modules already initialized, skipping
Shader 'Universal Render Pipeline/Particles/Lit': fallback shader 'Universal Render Pipeline/Particles/SimpleLit' not found
Refreshing native plugins compatible for Editor in 0.65 ms, found 0 plugins.
Preloading 0 native plugins for Editor in 0.00 ms.
Unloading 2452 Unused Serialized files (Serialized files now loaded: 0)
System memory in use before: 108.2 MB.
System memory in use after: 108.4 MB.

Unloading 7 unused Assets to reduce memory usage. Loaded Objects now: 2959.
Total: 2.566100 ms (FindLiveObjects: 0.358500 ms CreateObjectMapping: 0.199200 ms MarkObjects: 1.930100 ms  DeleteObjects: 0.076400 ms)

========================================================================
Received Import Request.
  Time since last request: 428.808393 seconds.
  path: Assets/Scripts/slingshot.cs
  artifactKey: Guid(9ec1dfdaec6c3c04d894a85ee0c100da) Importer(815301076,1909f56bfc062723c751e8b465ee728b)
Start importing Assets/Scripts/slingshot.cs using Guid(9ec1dfdaec6c3c04d894a85ee0c100da) Importer(815301076,1909f56bfc062723c751e8b465ee728b)  -> (artifact id: 'ea77a01d96854d8339e26142657e56a3') in 0.019739 seconds
  Import took 0.026809 seconds .

========================================================================
Received Prepare
Registering precompiled user dll's ...
Registered in 0.005792 seconds.
Begin MonoManager ReloadAssembly
Native extension for WindowsStandalone target not found
Refreshing native plugins compatible for Editor in 0.40 ms, found 0 plugins.
Preloading 0 native plugins for Editor in 0.00 ms.
Invoked RoslynAnalysisRunner static constructor.
RoslynAnalysisRunner will not be running.
RoslynAnalysisRunner has terminated.
Mono: successfully reloaded assembly
- Completed reload, in  1.585 seconds
Platform modules already initialized, skipping
Shader 'Universal Render Pipeline/Particles/Lit': fallback shader 'Universal Render Pipeline/Particles/SimpleLit' not found
Refreshing native plugins compatible for Editor in 0.44 ms, found 0 plugins.
Preloading 0 native plugins for Editor in 0.00 ms.
Unloading 2453 Unused Serialized files (Serialized files now loaded: 0)
System memory in use before: 108.3 MB.
System memory in use after: 108.5 MB.

Unloading 7 unused Assets to reduce memory usage. Loaded Objects now: 2963.
Total: 2.614100 ms (FindLiveObjects: 0.330700 ms CreateObjectMapping: 0.234500 ms MarkObjects: 1.966200 ms  DeleteObjects: 0.081200 ms)

========================================================================
Received Prepare
Registering precompiled user dll's ...
Registered in 0.001501 seconds.
Begin MonoManager ReloadAssembly
Native extension for WindowsStandalone target not found
Refreshing native plugins compatible for Editor in 0.40 ms, found 0 plugins.
Preloading 0 native plugins for Editor in 0.00 ms.
Invoked RoslynAnalysisRunner static constructor.
RoslynAnalysisRunner will not be running.
RoslynAnalysisRunner has terminated.
Mono: successfully reloaded assembly
- Completed reload, in  1.034 seconds
Platform modules already initialized, skipping
Shader 'Universal Render Pipeline/Particles/Lit': fallback shader 'Universal Render Pipeline/Particles/SimpleLit' not found
Refreshing native plugins compatible for Editor in 0.50 ms, found 0 plugins.
Preloading 0 native plugins for Editor in 0.00 ms.
Unloading 2453 Unused Serialized files (Serialized files now loaded: 0)
System memory in use before: 108.3 MB.
System memory in use after: 108.5 MB.

Unloading 7 unused Assets to reduce memory usage. Loaded Objects now: 2966.
Total: 2.553800 ms (FindLiveObjects: 0.316800 ms CreateObjectMapping: 0.202500 ms MarkObjects: 1.932400 ms  DeleteObjects: 0.099700 ms)

========================================================================
Received Import Request.
  Time since last request: 1296.986007 seconds.
  path: Assets/Scripts/slingshot.cs
  artifactKey: Guid(9ec1dfdaec6c3c04d894a85ee0c100da) Importer(815301076,1909f56bfc062723c751e8b465ee728b)
Start importing Assets/Scripts/slingshot.cs using Guid(9ec1dfdaec6c3c04d894a85ee0c100da) Importer(815301076,1909f56bfc062723c751e8b465ee728b)  -> (artifact id: 'c34f74ed431aadbe3cec592e5e661ee4') in 0.006021 seconds
  Import took 0.010225 seconds .

========================================================================
Received Prepare
Registering precompiled user dll's ...
Registered in 0.002295 seconds.
Begin MonoManager ReloadAssembly
Native extension for WindowsStandalone target not found
Refreshing native plugins compatible for Editor in 0.39 ms, found 0 plugins.
Preloading 0 native plugins for Editor in 0.00 ms.
Invoked RoslynAnalysisRunner static constructor.
RoslynAnalysisRunner will not be running.
RoslynAnalysisRunner has terminated.
Mono: successfully reloaded assembly
- Completed reload, in  1.086 seconds
Platform modules already initialized, skipping
Shader 'Universal Render Pipeline/Particles/Lit': fallback shader 'Universal Render Pipeline/Particles/SimpleLit' not found
Refreshing native plugins compatible for Editor in 0.56 ms, found 0 plugins.
Preloading 0 native plugins for Editor in 0.00 ms.
Unloading 2453 Unused Serialized files (Serialized files now loaded: 0)
System memory in use before: 108.3 MB.
System memory in use after: 108.5 MB.

Unloading 7 unused Assets to reduce memory usage. Loaded Objects now: 2969.
Total: 3.524300 ms (FindLiveObjects: 0.301900 ms CreateObjectMapping: 0.195800 ms MarkObjects: 2.950600 ms  DeleteObjects: 0.074500 ms)

========================================================================
Received Prepare
Registering precompiled user dll's ...
Registered in 0.001234 seconds.
Begin MonoManager ReloadAssembly
Native extension for WindowsStandalone target not found
Refreshing native plugins compatible for Editor in 0.57 ms, found 0 plugins.
Preloading 0 native plugins for Editor in 0.00 ms.
Invoked RoslynAnalysisRunner static constructor.
RoslynAnalysisRunner will not be running.
RoslynAnalysisRunner has terminated.
Mono: successfully reloaded assembly
- Completed reload, in  1.303 seconds
Platform modules already initialized, skipping
Shader 'Universal Render Pipeline/Particles/Lit': fallback shader 'Universal Render Pipeline/Particles/SimpleLit' not found
Refreshing native plugins compatible for Editor in 0.49 ms, found 0 plugins.
Preloading 0 native plugins for Editor in 0.00 ms.
Unloading 2453 Unused Serialized files (Serialized files now loaded: 0)
System memory in use before: 108.2 MB.
System memory in use after: 108.4 MB.

Unloading 7 unused Assets to reduce memory usage. Loaded Objects now: 2972.
Total: 3.244100 ms (FindLiveObjects: 0.682900 ms CreateObjectMapping: 0.322900 ms MarkObjects: 2.112100 ms  DeleteObjects: 0.124600 ms)

========================================================================
Received Prepare
Registering precompiled user dll's ...
Registered in 0.002196 seconds.
Begin MonoManager ReloadAssembly
Native extension for WindowsStandalone target not found
Refreshing native plugins compatible for Editor in 0.45 ms, found 0 plugins.
Preloading 0 native plugins for Editor in 0.00 ms.
Invoked RoslynAnalysisRunner static constructor.
RoslynAnalysisRunner will not be running.
RoslynAnalysisRunner has terminated.
Mono: successfully reloaded assembly
- Completed reload, in  2.019 seconds
Platform modules already initialized, skipping
Shader 'Universal Render Pipeline/Particles/Lit': fallback shader 'Universal Render Pipeline/Particles/SimpleLit' not found
Refreshing native plugins compatible for Editor in 0.67 ms, found 0 plugins.
Preloading 0 native plugins for Editor in 0.00 ms.
Unloading 2453 Unused Serialized files (Serialized files now loaded: 0)
System memory in use before: 108.3 MB.
System memory in use after: 108.5 MB.

Unloading 7 unused Assets to reduce memory usage. Loaded Objects now: 2975.
Total: 3.572300 ms (FindLiveObjects: 0.469200 ms CreateObjectMapping: 0.304500 ms MarkObjects: 2.704600 ms  DeleteObjects: 0.092100 ms)

========================================================================
Received Import Request.
  Time since last request: 3118.819778 seconds.
  path: Assets/Farm_To_Farm.mp3
  artifactKey: Guid(84d651479adebba4ba8fe58d045c8b5e) Importer(815301076,1909f56bfc062723c751e8b465ee728b)
Start importing Assets/Farm_To_Farm.mp3 using Guid(84d651479adebba4ba8fe58d045c8b5e) Importer(815301076,1909f56bfc062723c751e8b465ee728b)  -> (artifact id: '07485bbf20e42dd9143dbfebc65f6295') in 0.468868 seconds
  Import took 0.476384 seconds .

========================================================================
Received Import Request.
  Time since last request: 0.000914 seconds.
  path: Assets/かえるのピアノ.mp3
  artifactKey: Guid(b13b22f633894be4882abe1407b4c967) Importer(815301076,1909f56bfc062723c751e8b465ee728b)
Start importing Assets/かえるのピアノ.mp3 using Guid(b13b22f633894be4882abe1407b4c967) Importer(815301076,1909f56bfc062723c751e8b465ee728b)  -> (artifact id: '22f1292e1b9cd7115f55f0ca828ffdeb') in 0.040261 seconds
  Import took 0.050571 seconds .

========================================================================
Received Import Request.
  Time since last request: 0.000242 seconds.
  path: Assets/牛の鳴き声.mp3
  artifactKey: Guid(4d7b3a22545533d45a3a818a20a924e7) Importer(815301076,1909f56bfc062723c751e8b465ee728b)
Start importing Assets/牛の鳴き声.mp3 using Guid(4d7b3a22545533d45a3a818a20a924e7) Importer(815301076,1909f56bfc062723c751e8b465ee728b)  -> (artifact id: '84856255bdc194ccd298c5dca6dc2b2b') in 0.037744 seconds
  Import took 0.043946 seconds .

========================================================================
Received Import Request.
  Time since last request: 0.000570 seconds.
  path: Assets/かえるのピアノ.mp3
  artifactKey: Guid(b13b22f633894be4882abe1407b4c967) Importer(815301076,1909f56bfc062723c751e8b465ee728b)
Start importing Assets/かえるのピアノ.mp3 using Guid(b13b22f633894be4882abe1407b4c967) Importer(815301076,1909f56bfc062723c751e8b465ee728b)  -> (artifact id: '22f1292e1b9cd7115f55f0ca828ffdeb') in 0.023367 seconds
  Import took 0.032532 seconds .

========================================================================
Received Import Request.
  Time since last request: 0.000267 seconds.
  path: Assets/牛乳とあんぱん　Milk_and_a_Bean_Bread.mp3
  artifactKey: Guid(f00c0c9b793f8744f8fded7e9f45b81e) Importer(815301076,1909f56bfc062723c751e8b465ee728b)
Start importing Assets/牛乳とあんぱん　Milk_and_a_Bean_Bread.mp3 using Guid(f00c0c9b793f8744f8fded7e9f45b81e) Importer(815301076,1909f56bfc062723c751e8b465ee728b)  -> (artifact id: 'b022ab0b323e8aac226afc44ca6d528c') in 0.036117 seconds
  Import took 0.042094 seconds .

========================================================================
Received Import Request.
  Time since last request: 0.000278 seconds.
  path: Assets/牧場は大忙し_2.mp3
  artifactKey: Guid(f8c2de747dab30b4c87727e2dd2ec7d0) Importer(815301076,1909f56bfc062723c751e8b465ee728b)
Start importing Assets/牧場は大忙し_2.mp3 using Guid(f8c2de747dab30b4c87727e2dd2ec7d0) Importer(815301076,1909f56bfc062723c751e8b465ee728b)  -> (artifact id: 'ea51bf59d536432da69a0885fff26c72') in 0.026505 seconds
  Import took 0.032080 seconds .

========================================================================
Received Import Request.
  Time since last request: 0.000232 seconds.
  path: Assets/フラメンコのカスタネット.mp3
  artifactKey: Guid(ca88f8c4596332a449e6dcd3b8a9d2eb) Importer(815301076,1909f56bfc062723c751e8b465ee728b)
Start importing Assets/フラメンコのカスタネット.mp3 using Guid(ca88f8c4596332a449e6dcd3b8a9d2eb) Importer(815301076,1909f56bfc062723c751e8b465ee728b)  -> (artifact id: '569de024729995f8ba299ea9935ce7ff') in 0.022027 seconds
  Import took 0.028811 seconds .

========================================================================
Received Import Request.
  Time since last request: 11.969024 seconds.
  path: Assets/Materials
  artifactKey: Guid(ae324f691c5d84f4c82a7e0daef0b27b) Importer(815301076,1909f56bfc062723c751e8b465ee728b)
Start importing Assets/Materials using Guid(ae324f691c5d84f4c82a7e0daef0b27b) Importer(815301076,1909f56bfc062723c751e8b465ee728b)  -> (artifact id: '0e6fa1c6d867789853ee63c12ab17ddb') in 0.014915 seconds
  Import took 0.021605 seconds .

========================================================================
Received Import Request.
  Time since last request: 89.760062 seconds.
  path: Assets/Scripts/slingshotPuller.cs
  artifactKey: Guid(d54740de852837548b34722ce9af7d7a) Importer(815301076,1909f56bfc062723c751e8b465ee728b)
Start importing Assets/Scripts/slingshotPuller.cs using Guid(d54740de852837548b34722ce9af7d7a) Importer(815301076,1909f56bfc062723c751e8b465ee728b)  -> (artifact id: 'a4c9c795e05330a94032d63ca89ada6d') in 0.146859 seconds
  Import took 0.157469 seconds .

========================================================================
Received Prepare
Registering precompiled user dll's ...
Registered in 0.004494 seconds.
Begin MonoManager ReloadAssembly
Native extension for WindowsStandalone target not found
Refreshing native plugins compatible for Editor in 0.67 ms, found 0 plugins.
Preloading 0 native plugins for Editor in 0.00 ms.
Invoked RoslynAnalysisRunner static constructor.
RoslynAnalysisRunner will not be running.
RoslynAnalysisRunner has terminated.
Mono: successfully reloaded assembly
- Completed reload, in  1.974 seconds
Platform modules already initialized, skipping
Shader 'Universal Render Pipeline/Particles/Lit': fallback shader 'Universal Render Pipeline/Particles/SimpleLit' not found
Refreshing native plugins compatible for Editor in 0.67 ms, found 0 plugins.
Preloading 0 native plugins for Editor in 0.00 ms.
Unloading 2454 Unused Serialized files (Serialized files now loaded: 0)
System memory in use before: 111.4 MB.
System memory in use after: 111.6 MB.

Unloading 7 unused Assets to reduce memory usage. Loaded Objects now: 2988.
Total: 10.843100 ms (FindLiveObjects: 5.840000 ms CreateObjectMapping: 0.336500 ms MarkObjects: 4.590100 ms  DeleteObjects: 0.074400 ms)

========================================================================
Received Import Request.
  Time since last request: 1115.617787 seconds.
  path: Assets/Scripts/slingshotPuller.cs
  artifactKey: Guid(d54740de852837548b34722ce9af7d7a) Importer(815301076,1909f56bfc062723c751e8b465ee728b)
Start importing Assets/Scripts/slingshotPuller.cs using Guid(d54740de852837548b34722ce9af7d7a) Importer(815301076,1909f56bfc062723c751e8b465ee728b)  -> (artifact id: '336fa9736f41142772fbb459dde3a82c') in 0.029549 seconds
  Import took 0.053194 seconds .

========================================================================
Received Prepare
Registering precompiled user dll's ...
Registered in 0.003414 seconds.
Begin MonoManager ReloadAssembly
Native extension for WindowsStandalone target not found
Refreshing native plugins compatible for Editor in 0.74 ms, found 0 plugins.
Preloading 0 native plugins for Editor in 0.00 ms.
Invoked RoslynAnalysisRunner static constructor.
RoslynAnalysisRunner will not be running.
RoslynAnalysisRunner has terminated.
Mono: successfully reloaded assembly
- Completed reload, in  1.286 seconds
Platform modules already initialized, skipping
Shader 'Universal Render Pipeline/Particles/Lit': fallback shader 'Universal Render Pipeline/Particles/SimpleLit' not found
Refreshing native plugins compatible for Editor in 0.46 ms, found 0 plugins.
Preloading 0 native plugins for Editor in 0.00 ms.
Unloading 2454 Unused Serialized files (Serialized files now loaded: 0)
System memory in use before: 111.4 MB.
System memory in use after: 111.6 MB.

Unloading 7 unused Assets to reduce memory usage. Loaded Objects now: 2991.
Total: 2.939100 ms (FindLiveObjects: 0.516500 ms CreateObjectMapping: 0.240300 ms MarkObjects: 2.108900 ms  DeleteObjects: 0.071700 ms)

========================================================================
Received Import Request.
  Time since last request: 560.508399 seconds.
  path: Assets/Scripts/slingshotPuller.cs
  artifactKey: Guid(d54740de852837548b34722ce9af7d7a) Importer(815301076,1909f56bfc062723c751e8b465ee728b)
Start importing Assets/Scripts/slingshotPuller.cs using Guid(d54740de852837548b34722ce9af7d7a) Importer(815301076,1909f56bfc062723c751e8b465ee728b)  -> (artifact id: '7c4a634380ae243cc2bb2edee7cf23aa') in 0.022533 seconds
  Import took 0.029201 seconds .

========================================================================
Received Prepare
Registering precompiled user dll's ...
Registered in 0.001452 seconds.
Begin MonoManager ReloadAssembly
Native extension for WindowsStandalone target not found
Refreshing native plugins compatible for Editor in 0.42 ms, found 0 plugins.
Preloading 0 native plugins for Editor in 0.00 ms.
Invoked RoslynAnalysisRunner static constructor.
RoslynAnalysisRunner will not be running.
RoslynAnalysisRunner has terminated.
Mono: successfully reloaded assembly
- Completed reload, in  1.394 seconds
Platform modules already initialized, skipping
Shader 'Universal Render Pipeline/Particles/Lit': fallback shader 'Universal Render Pipeline/Particles/SimpleLit' not found
Refreshing native plugins compatible for Editor in 0.46 ms, found 0 plugins.
Preloading 0 native plugins for Editor in 0.00 ms.
Unloading 2454 Unused Serialized files (Serialized files now loaded: 0)
System memory in use before: 111.4 MB.
System memory in use after: 111.6 MB.

Unloading 7 unused Assets to reduce memory usage. Loaded Objects now: 2994.
Total: 4.367500 ms (FindLiveObjects: 0.841700 ms CreateObjectMapping: 0.393100 ms MarkObjects: 3.039400 ms  DeleteObjects: 0.091200 ms)

========================================================================
Received Prepare
Registering precompiled user dll's ...
Registered in 0.024290 seconds.
Begin MonoManager ReloadAssembly
Native extension for WindowsStandalone target not found
Refreshing native plugins compatible for Editor in 0.41 ms, found 0 plugins.
Preloading 0 native plugins for Editor in 0.00 ms.
Invoked RoslynAnalysisRunner static constructor.
RoslynAnalysisRunner will not be running.
RoslynAnalysisRunner has terminated.
Mono: successfully reloaded assembly
- Completed reload, in  1.219 seconds
Platform modules already initialized, skipping
Shader 'Universal Render Pipeline/Particles/Lit': fallback shader 'Universal Render Pipeline/Particles/SimpleLit' not found
Refreshing native plugins compatible for Editor in 0.40 ms, found 0 plugins.
Preloading 0 native plugins for Editor in 0.00 ms.
Unloading 2454 Unused Serialized files (Serialized files now loaded: 0)
System memory in use before: 111.3 MB.
System memory in use after: 111.5 MB.

Unloading 7 unused Assets to reduce memory usage. Loaded Objects now: 2997.
Total: 2.509700 ms (FindLiveObjects: 0.331000 ms CreateObjectMapping: 0.329700 ms MarkObjects: 1.769200 ms  DeleteObjects: 0.078200 ms)

========================================================================
Received Prepare
Registering precompiled user dll's ...
Registered in 0.001931 seconds.
Begin MonoManager ReloadAssembly
Native extension for WindowsStandalone target not found
Refreshing native plugins compatible for Editor in 0.42 ms, found 0 plugins.
Preloading 0 native plugins for Editor in 0.00 ms.
Invoked RoslynAnalysisRunner static constructor.
RoslynAnalysisRunner will not be running.
RoslynAnalysisRunner has terminated.
Mono: successfully reloaded assembly
- Completed reload, in  1.307 seconds
Platform modules already initialized, skipping
Shader 'Universal Render Pipeline/Particles/Lit': fallback shader 'Universal Render Pipeline/Particles/SimpleLit' not found
Refreshing native plugins compatible for Editor in 0.43 ms, found 0 plugins.
Preloading 0 native plugins for Editor in 0.00 ms.
Unloading 2454 Unused Serialized files (Serialized files now loaded: 0)
System memory in use before: 111.4 MB.
System memory in use after: 111.6 MB.

Unloading 7 unused Assets to reduce memory usage. Loaded Objects now: 3000.
Total: 2.596800 ms (FindLiveObjects: 0.465600 ms CreateObjectMapping: 0.206400 ms MarkObjects: 1.837600 ms  DeleteObjects: 0.085600 ms)

========================================================================
Received Prepare
Registering precompiled user dll's ...
Registered in 0.001938 seconds.
Begin MonoManager ReloadAssembly
Native extension for WindowsStandalone target not found
Refreshing native plugins compatible for Editor in 0.40 ms, found 0 plugins.
Preloading 0 native plugins for Editor in 0.00 ms.
Invoked RoslynAnalysisRunner static constructor.
RoslynAnalysisRunner will not be running.
RoslynAnalysisRunner has terminated.
Mono: successfully reloaded assembly
- Completed reload, in  1.173 seconds
Platform modules already initialized, skipping
Shader 'Universal Render Pipeline/Particles/Lit': fallback shader 'Universal Render Pipeline/Particles/SimpleLit' not found
Refreshing native plugins compatible for Editor in 0.43 ms, found 0 plugins.
Preloading 0 native plugins for Editor in 0.00 ms.
Unloading 2454 Unused Serialized files (Serialized files now loaded: 0)
System memory in use before: 111.4 MB.
System memory in use after: 111.6 MB.

Unloading 7 unused Assets to reduce memory usage. Loaded Objects now: 3003.
Total: 3.555700 ms (FindLiveObjects: 0.543800 ms CreateObjectMapping: 0.223500 ms MarkObjects: 2.697400 ms  DeleteObjects: 0.089300 ms)

========================================================================
Received Prepare
Registering precompiled user dll's ...
Registered in 0.001977 seconds.
Begin MonoManager ReloadAssembly
Native extension for WindowsStandalone target not found
Refreshing native plugins compatible for Editor in 0.60 ms, found 0 plugins.
Preloading 0 native plugins for Editor in 0.00 ms.
Invoked RoslynAnalysisRunner static constructor.
RoslynAnalysisRunner will not be running.
RoslynAnalysisRunner has terminated.
Mono: successfully reloaded assembly
- Completed reload, in  2.163 seconds
Platform modules already initialized, skipping
Shader 'Universal Render Pipeline/Particles/Lit': fallback shader 'Universal Render Pipeline/Particles/SimpleLit' not found
Refreshing native plugins compatible for Editor in 0.57 ms, found 0 plugins.
Preloading 0 native plugins for Editor in 0.00 ms.
Unloading 2454 Unused Serialized files (Serialized files now loaded: 0)
System memory in use before: 111.4 MB.
System memory in use after: 111.6 MB.

Unloading 7 unused Assets to reduce memory usage. Loaded Objects now: 3006.
Total: 3.032200 ms (FindLiveObjects: 0.567200 ms CreateObjectMapping: 0.313200 ms MarkObjects: 2.078200 ms  DeleteObjects: 0.071600 ms)

========================================================================
Received Prepare
Registering precompiled user dll's ...
Registered in 0.001903 seconds.
Begin MonoManager ReloadAssembly
Native extension for WindowsStandalone target not found
Refreshing native plugins compatible for Editor in 0.60 ms, found 0 plugins.
Preloading 0 native plugins for Editor in 0.00 ms.
Invoked RoslynAnalysisRunner static constructor.
RoslynAnalysisRunner will not be running.
RoslynAnalysisRunner has terminated.
Mono: successfully reloaded assembly
- Completed reload, in  1.685 seconds
Platform modules already initialized, skipping
Shader 'Universal Render Pipeline/Particles/Lit': fallback shader 'Universal Render Pipeline/Particles/SimpleLit' not found
Refreshing native plugins compatible for Editor in 0.47 ms, found 0 plugins.
Preloading 0 native plugins for Editor in 0.00 ms.
Unloading 2454 Unused Serialized files (Serialized files now loaded: 0)
System memory in use before: 111.4 MB.
System memory in use after: 111.6 MB.

Unloading 7 unused Assets to reduce memory usage. Loaded Objects now: 3009.
Total: 2.850500 ms (FindLiveObjects: 0.434600 ms CreateObjectMapping: 0.282600 ms MarkObjects: 2.053300 ms  DeleteObjects: 0.077800 ms)

========================================================================
Received Prepare
Registering precompiled user dll's ...
Registered in 0.004095 seconds.
Begin MonoManager ReloadAssembly
Native extension for WindowsStandalone target not found
Refreshing native plugins compatible for Editor in 0.43 ms, found 0 plugins.
Preloading 0 native plugins for Editor in 0.00 ms.
Invoked RoslynAnalysisRunner static constructor.
RoslynAnalysisRunner will not be running.
RoslynAnalysisRunner has terminated.
Mono: successfully reloaded assembly
- Completed reload, in  1.416 seconds
Platform modules already initialized, skipping
Shader 'Universal Render Pipeline/Particles/Lit': fallback shader 'Universal Render Pipeline/Particles/SimpleLit' not found
Refreshing native plugins compatible for Editor in 0.47 ms, found 0 plugins.
Preloading 0 native plugins for Editor in 0.00 ms.
Unloading 2454 Unused Serialized files (Serialized files now loaded: 0)
System memory in use before: 111.3 MB.
System memory in use after: 111.5 MB.

Unloading 7 unused Assets to reduce memory usage. Loaded Objects now: 3012.
Total: 3.220000 ms (FindLiveObjects: 0.462600 ms CreateObjectMapping: 0.251000 ms MarkObjects: 2.436400 ms  DeleteObjects: 0.068200 ms)

========================================================================
Received Prepare
Registering precompiled user dll's ...
Registered in 0.002739 seconds.
Begin MonoManager ReloadAssembly
Native extension for WindowsStandalone target not found
Refreshing native plugins compatible for Editor in 2.08 ms, found 0 plugins.
Preloading 0 native plugins for Editor in 0.00 ms.
Invoked RoslynAnalysisRunner static constructor.
RoslynAnalysisRunner will not be running.
RoslynAnalysisRunner has terminated.
Mono: successfully reloaded assembly
- Completed reload, in  1.595 seconds
Platform modules already initialized, skipping
Shader 'Universal Render Pipeline/Particles/Lit': fallback shader 'Universal Render Pipeline/Particles/SimpleLit' not found
Refreshing native plugins compatible for Editor in 0.42 ms, found 0 plugins.
Preloading 0 native plugins for Editor in 0.00 ms.
Unloading 2454 Unused Serialized files (Serialized files now loaded: 0)
System memory in use before: 111.4 MB.
System memory in use after: 111.6 MB.

Unloading 7 unused Assets to reduce memory usage. Loaded Objects now: 3015.
Total: 2.743200 ms (FindLiveObjects: 0.331400 ms CreateObjectMapping: 0.316400 ms MarkObjects: 2.018800 ms  DeleteObjects: 0.074600 ms)

========================================================================
Received Prepare
Registering precompiled user dll's ...
Registered in 0.001386 seconds.
Begin MonoManager ReloadAssembly
Native extension for WindowsStandalone target not found
Refreshing native plugins compatible for Editor in 0.54 ms, found 0 plugins.
Preloading 0 native plugins for Editor in 0.00 ms.
Invoked RoslynAnalysisRunner static constructor.
RoslynAnalysisRunner will not be running.
RoslynAnalysisRunner has terminated.
Mono: successfully reloaded assembly
- Completed reload, in  1.442 seconds
Platform modules already initialized, skipping
Shader 'Universal Render Pipeline/Particles/Lit': fallback shader 'Universal Render Pipeline/Particles/SimpleLit' not found
Refreshing native plugins compatible for Editor in 0.65 ms, found 0 plugins.
Preloading 0 native plugins for Editor in 0.00 ms.
Unloading 2454 Unused Serialized files (Serialized files now loaded: 0)
System memory in use before: 111.4 MB.
System memory in use after: 111.6 MB.

Unloading 7 unused Assets to reduce memory usage. Loaded Objects now: 3018.
Total: 6.352100 ms (FindLiveObjects: 0.449800 ms CreateObjectMapping: 0.231200 ms MarkObjects: 5.570800 ms  DeleteObjects: 0.098200 ms)

========================================================================
Received Prepare
Registering precompiled user dll's ...
Registered in 0.004126 seconds.
Begin MonoManager ReloadAssembly
Native extension for WindowsStandalone target not found
Refreshing native plugins compatible for Editor in 0.44 ms, found 0 plugins.
Preloading 0 native plugins for Editor in 0.00 ms.
Invoked RoslynAnalysisRunner static constructor.
RoslynAnalysisRunner will not be running.
RoslynAnalysisRunner has terminated.
Mono: successfully reloaded assembly
- Completed reload, in  1.511 seconds
Platform modules already initialized, skipping
Shader 'Universal Render Pipeline/Particles/Lit': fallback shader 'Universal Render Pipeline/Particles/SimpleLit' not found
Refreshing native plugins compatible for Editor in 0.43 ms, found 0 plugins.
Preloading 0 native plugins for Editor in 0.00 ms.
Unloading 2454 Unused Serialized files (Serialized files now loaded: 0)
System memory in use before: 111.4 MB.
System memory in use after: 111.6 MB.

Unloading 7 unused Assets to reduce memory usage. Loaded Objects now: 3021.
Total: 2.617800 ms (FindLiveObjects: 0.339500 ms CreateObjectMapping: 0.198300 ms MarkObjects: 2.007600 ms  DeleteObjects: 0.070600 ms)

========================================================================
Received Import Request.
  Time since last request: 1977.642400 seconds.
  path: Assets/Materials/M_Rope.mat
  artifactKey: Guid(4cfa191bd5c056b448bdc55253570e58) Importer(815301076,1909f56bfc062723c751e8b465ee728b)
Start importing Assets/Materials/M_Rope.mat using Guid(4cfa191bd5c056b448bdc55253570e58) Importer(815301076,1909f56bfc062723c751e8b465ee728b)  -> (artifact id: '35aedf1612c57755a43ae0612a961371') in 0.451217 seconds
  Import took 0.456974 seconds .

========================================================================
Received Prepare
Registering precompiled user dll's ...
Registered in 0.001645 seconds.
Begin MonoManager ReloadAssembly
Native extension for WindowsStandalone target not found
Refreshing native plugins compatible for Editor in 0.64 ms, found 0 plugins.
Preloading 0 native plugins for Editor in 0.00 ms.
Invoked RoslynAnalysisRunner static constructor.
RoslynAnalysisRunner will not be running.
RoslynAnalysisRunner has terminated.
Mono: successfully reloaded assembly
- Completed reload, in  1.962 seconds
Platform modules already initialized, skipping
Shader 'Universal Render Pipeline/Particles/Lit': fallback shader 'Universal Render Pipeline/Particles/SimpleLit' not found
Refreshing native plugins compatible for Editor in 0.52 ms, found 0 plugins.
Preloading 0 native plugins for Editor in 0.00 ms.
Unloading 2454 Unused Serialized files (Serialized files now loaded: 0)
System memory in use before: 111.7 MB.
System memory in use after: 111.9 MB.

Unloading 7 unused Assets to reduce memory usage. Loaded Objects now: 3058.
Total: 4.538200 ms (FindLiveObjects: 0.991400 ms CreateObjectMapping: 0.277500 ms MarkObjects: 3.189800 ms  DeleteObjects: 0.077800 ms)

========================================================================
Received Prepare
Registering precompiled user dll's ...
Registered in 0.002028 seconds.
Begin MonoManager ReloadAssembly
Native extension for WindowsStandalone target not found
Refreshing native plugins compatible for Editor in 0.41 ms, found 0 plugins.
Preloading 0 native plugins for Editor in 0.00 ms.
Invoked RoslynAnalysisRunner static constructor.
RoslynAnalysisRunner will not be running.
RoslynAnalysisRunner has terminated.
Mono: successfully reloaded assembly
- Completed reload, in  1.163 seconds
Platform modules already initialized, skipping
Shader 'Universal Render Pipeline/Particles/Lit': fallback shader 'Universal Render Pipeline/Particles/SimpleLit' not found
Refreshing native plugins compatible for Editor in 0.47 ms, found 0 plugins.
Preloading 0 native plugins for Editor in 0.00 ms.
Unloading 2454 Unused Serialized files (Serialized files now loaded: 0)
System memory in use before: 111.6 MB.
System memory in use after: 111.8 MB.

Unloading 7 unused Assets to reduce memory usage. Loaded Objects now: 3061.
Total: 2.812400 ms (FindLiveObjects: 0.317100 ms CreateObjectMapping: 0.177000 ms MarkObjects: 2.227900 ms  DeleteObjects: 0.088200 ms)

========================================================================
Received Prepare
Registering precompiled user dll's ...
Registered in 0.001201 seconds.
Begin MonoManager ReloadAssembly
Native extension for WindowsStandalone target not found
Refreshing native plugins compatible for Editor in 0.49 ms, found 0 plugins.
Preloading 0 native plugins for Editor in 0.00 ms.
Invoked RoslynAnalysisRunner static constructor.
RoslynAnalysisRunner will not be running.
RoslynAnalysisRunner has terminated.
Mono: successfully reloaded assembly
- Completed reload, in  1.465 seconds
Platform modules already initialized, skipping
Shader 'Universal Render Pipeline/Particles/Lit': fallback shader 'Universal Render Pipeline/Particles/SimpleLit' not found
Refreshing native plugins compatible for Editor in 0.49 ms, found 0 plugins.
Preloading 0 native plugins for Editor in 0.00 ms.
Unloading 2454 Unused Serialized files (Serialized files now loaded: 0)
System memory in use before: 111.7 MB.
System memory in use after: 111.9 MB.

Unloading 7 unused Assets to reduce memory usage. Loaded Objects now: 3064.
Total: 8.000900 ms (FindLiveObjects: 1.500200 ms CreateObjectMapping: 0.316700 ms MarkObjects: 6.070000 ms  DeleteObjects: 0.111200 ms)

========================================================================
Received Prepare
Registering precompiled user dll's ...
Registered in 0.001277 seconds.
Begin MonoManager ReloadAssembly
Native extension for WindowsStandalone target not found
Refreshing native plugins compatible for Editor in 0.41 ms, found 0 plugins.
Preloading 0 native plugins for Editor in 0.00 ms.
Invoked RoslynAnalysisRunner static constructor.
RoslynAnalysisRunner will not be running.
RoslynAnalysisRunner has terminated.
Mono: successfully reloaded assembly
- Completed reload, in  1.208 seconds
Platform modules already initialized, skipping
Shader 'Universal Render Pipeline/Particles/Lit': fallback shader 'Universal Render Pipeline/Particles/SimpleLit' not found
Refreshing native plugins compatible for Editor in 0.48 ms, found 0 plugins.
Preloading 0 native plugins for Editor in 0.00 ms.
Unloading 2454 Unused Serialized files (Serialized files now loaded: 0)
System memory in use before: 111.7 MB.
System memory in use after: 111.9 MB.

Unloading 7 unused Assets to reduce memory usage. Loaded Objects now: 3067.
Total: 2.947000 ms (FindLiveObjects: 0.586600 ms CreateObjectMapping: 0.339900 ms MarkObjects: 1.946200 ms  DeleteObjects: 0.072500 ms)

========================================================================
Received Prepare
Registering precompiled user dll's ...
Registered in 0.005465 seconds.
Begin MonoManager ReloadAssembly
Native extension for WindowsStandalone target not found
Refreshing native plugins compatible for Editor in 0.51 ms, found 0 plugins.
Preloading 0 native plugins for Editor in 0.00 ms.
Invoked RoslynAnalysisRunner static constructor.
RoslynAnalysisRunner will not be running.
RoslynAnalysisRunner has terminated.
Mono: successfully reloaded assembly
- Completed reload, in  2.119 seconds
Platform modules already initialized, skipping
Shader 'Universal Render Pipeline/Particles/Lit': fallback shader 'Universal Render Pipeline/Particles/SimpleLit' not found
Refreshing native plugins compatible for Editor in 0.45 ms, found 0 plugins.
Preloading 0 native plugins for Editor in 0.00 ms.
Unloading 2454 Unused Serialized files (Serialized files now loaded: 0)
System memory in use before: 111.7 MB.
System memory in use after: 111.9 MB.

Unloading 7 unused Assets to reduce memory usage. Loaded Objects now: 3070.
Total: 3.126700 ms (FindLiveObjects: 0.454200 ms CreateObjectMapping: 0.249400 ms MarkObjects: 2.233800 ms  DeleteObjects: 0.121800 ms)

========================================================================
Received Import Request.
  Time since last request: 1645.217580 seconds.
  path: Assets/Materials/M_Rope.mat
  artifactKey: Guid(4cfa191bd5c056b448bdc55253570e58) Importer(815301076,1909f56bfc062723c751e8b465ee728b)
Start importing Assets/Materials/M_Rope.mat using Guid(4cfa191bd5c056b448bdc55253570e58) Importer(815301076,1909f56bfc062723c751e8b465ee728b)  -> (artifact id: 'c45abfa6a58e5894ed50976965c07e19') in 0.193099 seconds
  Import took 0.204397 seconds .

AssetImportWorkerClient::OnTransportError - code=2 error=End of file
